#Post-RPSBLAST Processing Utility

#Input data file:	/home/prichter/Documents/tripy/src/temp/prichter-ThinkPad-X1-Carbon-Gen-10_20250305_174740481_6ske//jobCDD/000000000001_000000000034.blast.raw.out
#Output data file:	(stdout)
#Annotation data at:	data/cdd/3.21/data
#E-Value cutoff:	0.01
#Redundancy:	Standard
#Data requested:	Domain hits and site annotations
#Output format -- tab-delimited table
#Show superfamilies: NO
#DATA
#SESSION	<session-ordinal>	<program>	<database>	<score-matrix>	<evalue-threshold>
#QUERY	<query-id>	<seq-type>	<seq-length>	<definition-line>
#DOMAINS
#<session-ordinal>	<query-id[readingframe]>	<hit-type>	<PSSM-ID>	<from>	<to>	<E-Value>	<bitscore>	<accession>	<short-name>	<incomplete>	<superfamily PSSM-ID>
#more such lines......
#ENDDOMAINS
#SITES
#<session-ordinal>	<query-id[readingframe]>	<annot-type>	<title>	<residue(coordinates)>	<complete-size>	<mapped-size>	<source-domain>
#more such lines......
#ENDSITES
#MOTIFS
#<session-ordinal>	<query-id[readingframe]>	<title>	<from>	<to>	<source-domain>
#more such lines......
#ENDMOTIFS
#ENDQUERY	<query-id>
#more query sections..
#ENDSESSION	<session-ordinal>
#more session sections..
#ENDDATA
#=====================================================================
DATA
SESSION	1	blastp	2.15.0+	data/cdd/3.21/db/Cdd_NCBI	BLOSUM62	0.01
QUERY	Query_3	Peptide	153	19
DOMAINS
1	Query_3	Non-specific	100091	1	153	1.2202e-48	160.371	cd03089	PMM_PGM	NC	476822
ENDDOMAINS
SITES
1	Query_3	Generic	active site	D115,D117,D119,R120,K153	23	5	100086
1	Query_3	Generic	metal binding site	D115,D117,D119	4	3	100086
1	Query_3	Generic	substrate binding site	R120,K153	14	2	100086
ENDSITES
ENDQUERY
ENDSESSION	1
ENDDATA
