#                                                                             --- full sequence --- -------------- this domain -------------   hmm coord   ali coord   env coord
# target name        accession   tlen query name           accession    qlen   E-value  score  bias   #  of  c-Evalue  i-Evalue  score  bias  from    to  from    to  from    to  acc description of target
#------------------- ---------- ----- --------------------  ---------- ----- --------- ------ ----- --- --- --------- --------- ------ ----- ----- ----- ----- ----- ----- ----- ---- ---------------------
5                    -            154 MppA                 PIRSF002741   538   1.8e-06   14.9   0.1   1   1   5.6e-07   2.8e-06   14.2   0.1   458   489    34    65     5    70 0.85 -
19                   -            153 PAGM                 PIRSF016408   561   4.2e-09   23.5   0.9   1   1   2.5e-09   1.2e-08   21.9   0.9   186   332    18   144     8   149 0.74 -
5                    -            154 HK_DctB              PIRSF036431   628   5.8e-06   13.3   0.2   1   2     0.034      0.17   -1.5   0.0    18    44    63    90    46   114 0.44 -
5                    -            154 HK_DctB              PIRSF036431   628   5.8e-06   13.3   0.2   2   2   2.3e-06   1.1e-05   12.3   0.1   392   426   111   145    92   151 0.88 -
5                    -            154 HK_PgtB              PIRSF037119   787     1e-07   18.6   3.6   1   2     1e-05   5.1e-05    9.7   0.5   293   348    38    94    28   106 0.88 -
5                    -            154 HK_PgtB              PIRSF037119   787     1e-07   18.6   3.6   2   2   3.3e-06   1.6e-05   11.3   0.2   543   586    94   140    91   147 0.75 -
5                    -            154 HK_MctS              PIRSF037314   468   4.7e-08   19.9   0.1   1   1   9.7e-09   4.8e-08   19.9   0.1   156   229    10    83     1   123 0.89 -
#
# Program:         hmmsearch
# Version:         3.3 (Nov 2019)
# Pipeline mode:   SEARCH
# Query file:      data/pirsf/3.10/sf_hmm_all
# Target file:     /home/prichter/Documents/tripy/src/temp/prichter-ThinkPad-X1-Carbon-Gen-10_20250305_174740481_6ske//jobPIRSF/000000000001_000000000034.fasta
# Option settings: bin/hmmer/hmmer3/3.3/hmmsearch -o /home/prichter/Documents/tripy/src/temp/prichter-ThinkPad-X1-Carbon-Gen-10_20250305_174740481_6ske//jobPIRSF/000000000001_000000000034.raw.out --domtblout /home/prichter/Documents/tripy/src/temp/prichter-ThinkPad-X1-Carbon-Gen-10_20250305_174740481_6ske//jobPIRSF/000000000001_000000000034.raw.domtblout.out --acc -E 0.01 --cpu 1 data/pirsf/3.10/sf_hmm_all /home/prichter/Documents/tripy/src/temp/prichter-ThinkPad-X1-Carbon-Gen-10_20250305_174740481_6ske//jobPIRSF/000000000001_000000000034.fasta 
# Current dir:     /home/prichter/interproscan/interproscan-5.73-104.0
# Date:            Wed Mar  5 17:48:18 2025
# [ok]
